[    0.000000] Initializing cgroup subsys cpuset
[    0.000000] Initializing cgroup subsys cpu
[    0.000000] Initializing cgroup subsys cpuacct
[    0.000000] Linux version 4.4.0-210-generic (buildd@lgw01-amd64-009) (gcc version 5.4.0 20160609 (Ubuntu 5.4.0-6ubuntu1~16.04.12) ) #242-Ubuntu SMP Fri Apr 16 09:57:56 UTC 2021 (Ubuntu 4.4.0-210.242-generic 4.4.262)
[    0.000000] Command line: BOOT_IMAGE=/boot/vmlinuz-4.4.0-210-generic root=LABEL=cloudimg-rootfs ro console=tty1 console=ttyS0
[    0.000000] KERNEL supported cpus:
[    0.000000]   Intel GenuineIntel
[    0.000000]   AMD AuthenticAMD
[    0.000000]   Centaur CentaurHauls
[    0.000000] x86/fpu: xstate_offset[2]:  576, xstate_sizes[2]:  256
[    0.000000] x86/fpu: Supporting XSAVE feature 0x01: 'x87 floating point registers'
[    0.000000] x86/fpu: Supporting XSAVE feature 0x02: 'SSE registers'
[    0.000000] x86/fpu: Supporting XSAVE feature 0x04: 'AVX registers'
[    0.000000] x86/fpu: Enabled xstate features 0x7, context size is 832 bytes, using 'standard' format.
[    0.000000] e820: BIOS-provided physical RAM map:
[    0.000000] BIOS-e820: [mem 0x0000000000000000-0x000000000009fbff] usable
[    0.000000] BIOS-e820: [mem 0x000000000009fc00-0x000000000009ffff] reserved
[    0.000000] BIOS-e820: [mem 0x00000000000f0000-0x00000000000fffff] reserved
[    0.000000] BIOS-e820: [mem 0x0000000000100000-0x000000003ffeffff] usable
[    0.000000] BIOS-e820: [mem 0x000000003fff0000-0x000000003fffffff] ACPI data
[    0.000000] BIOS-e820: [mem 0x00000000fec00000-0x00000000fec00fff] reserved
[    0.000000] BIOS-e820: [mem 0x00000000fee00000-0x00000000fee00fff] reserved
[    0.000000] BIOS-e820: [mem 0x00000000fffc0000-0x00000000ffffffff] reserved
[    0.000000] NX (Execute Disable) protection: active
[    0.000000] SMBIOS 2.5 present.
[    0.000000] Hypervisor detected: KVM
[    0.000000] Kernel/User page tables isolation: disabled
[    0.000000] e820: last_pfn = 0x3fff0 max_arch_pfn = 0x400000000
[    0.000000] MTRR: Disabled
[    0.000000] x86/PAT: MTRRs disabled, skipping PAT initialization too.
[    0.000000] CPU MTRRs all blank - virtualized system.
[    0.000000] x86/PAT: Configuration [0-7]: WB  WT  UC- UC  WB  WT  UC- UC  
[    0.000000] found SMP MP-table at [mem 0x0009fff0-0x0009ffff] mapped at [ffff88000009fff0]
[    0.000000] Scanning 1 areas for low memory corruption
[    0.000000] RAMDISK: [mem 0x362dc000-0x37165fff]
[    0.000000] ACPI: Early table checksum verification disabled
[    0.000000] ACPI: RSDP 0x00000000000E0000 000024 (v02 VBOX  )
[    0.000000] ACPI: XSDT 0x000000003FFF0030 00003C (v01 VBOX   VBOXXSDT 00000001 ASL  00000061)
[    0.000000] ACPI: FACP 0x000000003FFF00F0 0000F4 (v04 VBOX   VBOXFACP 00000001 ASL  00000061)
[    0.000000] ACPI: DSDT 0x000000003FFF0470 002325 (v02 VBOX   VBOXBIOS 00000002 INTL 20100528)
[    0.000000] ACPI: FACS 0x000000003FFF0200 000040
[    0.000000] ACPI: FACS 0x000000003FFF0200 000040
[    0.000000] ACPI: APIC 0x000000003FFF0240 00005C (v02 VBOX   VBOXAPIC 00000001 ASL  00000061)
[    0.000000] ACPI: SSDT 0x000000003FFF02A0 0001CC (v01 VBOX   VBOXCPUT 00000002 INTL 20100528)
[    0.000000] No NUMA configuration found
[    0.000000] Faking a node at [mem 0x0000000000000000-0x000000003ffeffff]
[    0.000000] NODE_DATA(0) allocated [mem 0x3ffeb000-0x3ffeffff]
[    0.000000] kvm-clock: Using msrs 4b564d01 and 4b564d00
[    0.000000] kvm-clock: cpu 0, msr 0:3ffe3001, primary cpu clock
[    0.000000] kvm-clock: using sched offset of 3171878367 cycles
[    0.000000] clocksource: kvm-clock: mask: 0xffffffffffffffff max_cycles: 0x1cd42e4dffb, max_idle_ns: 881590591483 ns
[    0.000000] Zone ranges:
[    0.000000]   DMA      [mem 0x0000000000001000-0x0000000000ffffff]
[    0.000000]   DMA32    [mem 0x0000000001000000-0x000000003ffeffff]
[    0.000000]   Normal   empty
[    0.000000]   Device   empty
[    0.000000] Movable zone start for each node
[    0.000000] Early memory node ranges
[    0.000000]   node   0: [mem 0x0000000000001000-0x000000000009efff]
[    0.000000]   node   0: [mem 0x0000000000100000-0x000000003ffeffff]
[    0.000000] Initmem setup node 0 [mem 0x0000000000001000-0x000000003ffeffff]
[    0.000000] ACPI: PM-Timer IO Port: 0x4008
[    0.000000] IOAPIC[0]: apic_id 2, version 32, address 0xfec00000, GSI 0-23
[    0.000000] ACPI: INT_SRC_OVR (bus 0 bus_irq 0 global_irq 2 dfl dfl)
[    0.000000] ACPI: INT_SRC_OVR (bus 0 bus_irq 9 global_irq 9 low level)
[    0.000000] Using ACPI (MADT) for SMP configuration information
[    0.000000] smpboot: Allowing 2 CPUs, 0 hotplug CPUs
[    0.000000] PM: Registered nosave memory: [mem 0x00000000-0x00000fff]
[    0.000000] PM: Registered nosave memory: [mem 0x0009f000-0x0009ffff]
[    0.000000] PM: Registered nosave memory: [mem 0x000a0000-0x000effff]
[    0.000000] PM: Registered nosave memory: [mem 0x000f0000-0x000fffff]
[    0.000000] e820: [mem 0x40000000-0xfebfffff] available for PCI devices
[    0.000000] Booting paravirtualized kernel on KVM
[    0.000000] clocksource: refined-jiffies: mask: 0xffffffff max_cycles: 0xffffffff, max_idle_ns: 7645519600211568 ns
[    0.000000] setup_percpu: NR_CPUS:512 nr_cpumask_bits:512 nr_cpu_ids:2 nr_node_ids:1
[    0.000000] PERCPU: Embedded 33 pages/cpu @ffff88003fc00000 s95192 r8192 d31784 u1048576
[    0.000000] Built 1 zonelists in Node order, mobility grouping on.  Total pages: 257912
[    0.000000] Policy zone: DMA32
[    0.000000] Kernel command line: BOOT_IMAGE=/boot/vmlinuz-4.4.0-210-generic root=LABEL=cloudimg-rootfs ro console=tty1 console=ttyS0
[    0.000000] PID hash table entries: 4096 (order: 3, 32768 bytes)
[    0.000000] Memory: 997792K/1048120K available (8644K kernel code, 1332K rwdata, 4044K rodata, 1492K init, 1164K bss, 50328K reserved, 0K cma-reserved)
[    0.000000] SLUB: HWalign=64, Order=0-3, MinObjects=0, CPUs=2, Nodes=1
[    0.000000] Hierarchical RCU implementation.
[    0.000000] 	Build-time adjustment of leaf fanout to 64.
[    0.000000] 	RCU restricting CPUs from NR_CPUS=512 to nr_cpu_ids=2.
[    0.000000] RCU: Adjusting geometry for rcu_fanout_leaf=64, nr_cpu_ids=2
[    0.000000] NR_IRQS:33024 nr_irqs:440 16
[    0.000000] Console: colour VGA+ 80x25
[    0.000000] console [tty1] enabled
[    0.000000] console [ttyS0] enabled
[    0.000000] tsc: Detected 2495.998 MHz processor
[    0.120804] Calibrating delay loop (skipped) preset value.. 4991.99 BogoMIPS (lpj=9983992)
[    0.122230] pid_max: default: 32768 minimum: 301
[    0.123000] ACPI: Core revision 20150930
[    0.124340] ACPI: 2 ACPI AML tables successfully acquired and loaded
[    0.125432] Security Framework initialized
[    0.126136] Yama: becoming mindful.
[    0.126772] AppArmor: AppArmor initialized
[    0.127521] Dentry cache hash table entries: 131072 (order: 8, 1048576 bytes)
[    0.128892] Inode-cache hash table entries: 65536 (order: 7, 524288 bytes)
[    0.132192] Mount-cache hash table entries: 2048 (order: 2, 16384 bytes)
[    0.133203] Mountpoint-cache hash table entries: 2048 (order: 2, 16384 bytes)
[    0.134385] Initializing cgroup subsys io
[    0.135076] Initializing cgroup subsys memory
[    0.135832] Initializing cgroup subsys devices
[    0.136619] Initializing cgroup subsys freezer
[    0.137364] Initializing cgroup subsys net_cls
[    0.138110] Initializing cgroup subsys perf_event
[    0.138884] Initializing cgroup subsys net_prio
[    0.139642] Initializing cgroup subsys hugetlb
[    0.140410] Initializing cgroup subsys pids
[    0.142112] mce: CPU supports 0 MCE banks
[    0.142845] Last level iTLB entries: 4KB 64, 2MB 8, 4MB 8
[    0.143692] Last level dTLB entries: 4KB 64, 2MB 0, 4MB 0, 1GB 4
[    0.144647] Spectre V1 : Mitigation: usercopy/swapgs barriers and __user pointer sanitization
[    0.146210] Spectre V2 : Mitigation: Full generic retpoline
[    0.147141] Spectre V2 : Spectre v2 / SpectreRSB mitigation: Filling RSB on context switch
[    0.148515] Speculative Store Bypass: Vulnerable
[    0.151634] Freeing SMP alternatives memory: 36K
[    0.157395] ftrace: allocating 32380 entries in 127 pages
[    0.206491] smpboot: APIC(0) Converting physical 0 to logical package 0
[    0.208054] smpboot: Max logical packages: 1
[    0.209102] x2apic enabled
[    0.209807] Switched APIC routing to physical x2apic.
[    0.211509] ..TIMER: vector=0x30 apic1=0 pin1=2 apic2=-1 pin2=-1
[    0.320541] smpboot: CPU0: Intel(R) Core(TM) i5-10300H CPU @ 2.50GHz (family: 0x6, model: 0xa5, stepping: 0x2)
[    0.322777] Performance Events: unsupported p6 CPU model 165 no PMU driver, software events only.
[    0.332058] KVM setup paravirtual spinlock
[    0.333292] x86: Booting SMP configuration:
[    0.334000] .... node  #0, CPUs:      #1
[    0.334756] kvm-clock: cpu 1, msr 0:3ffe3041, secondary cpu clock
[    0.336485] mce: CPU supports 0 MCE banks
[    0.338942] x86: Booted up 1 node, 2 CPUs
[    0.339790] smpboot: Total of 2 processors activated (9983.99 BogoMIPS)
[    0.341128] devtmpfs: initialized
[    0.343174] evm: security.selinux
[    0.343778] evm: security.SMACK64
[    0.344400] evm: security.SMACK64EXEC
[    0.345055] evm: security.SMACK64TRANSMUTE
[    0.345773] evm: security.SMACK64MMAP
[    0.346424] evm: security.ima
[    0.347063] evm: security.capability
[    0.347839] clocksource: jiffies: mask: 0xffffffff max_cycles: 0xffffffff, max_idle_ns: 7645041785100000 ns
[    0.349424] futex hash table entries: 512 (order: 3, 32768 bytes)
[    0.350452] pinctrl core: initialized pinctrl subsystem
[    0.351361] RTC time: 12:01:09, date: 03/08/23
[    0.354418] NET: Registered protocol family 16
[    0.366879] cpuidle: using governor ladder
[    0.379010] cpuidle: using governor menu
[    0.379728] PCCT header not found.
[    0.380411] ACPI: bus type PCI registered
[    0.381145] acpiphp: ACPI Hot Plug PCI Controller Driver version: 0.5
[    0.382236] PCI: Using configuration type 1 for base access
[    0.394277] ACPI: Added _OSI(Module Device)
[    0.394988] ACPI: Added _OSI(Processor Device)
[    0.395775] ACPI: Added _OSI(3.0 _SCP Extensions)
[    0.396541] ACPI: Added _OSI(Processor Aggregator Device)
[    0.397948] ACPI: Executed 1 blocks of module-level executable AML code
[    0.400527] ACPI: Interpreter enabled
[    0.401197] ACPI: (supports S0 S5)
[    0.401837] ACPI: Using IOAPIC for interrupt routing
[    0.402753] PCI: Using host bridge windows from ACPI; if necessary, use "pci=nocrs" and report a bug
[    0.406900] ACPI: PCI Root Bridge [PCI0] (domain 0000 [bus 00-ff])
[    0.407854] acpi PNP0A03:00: _OSC: OS supports [ASPM ClockPM Segments MSI]
[    0.409097] acpi PNP0A03:00: _OSC: not requesting OS control; OS requires [ExtendedConfig ASPM ClockPM MSI]
[    0.410667] acpi PNP0A03:00: fail to add MMCONFIG information, can't access extended PCI configuration space under this bridge.
[    0.412805] PCI host bridge to bus 0000:00
[    0.413499] pci_bus 0000:00: root bus resource [io  0x0000-0x0cf7 window]
[    0.414524] pci_bus 0000:00: root bus resource [io  0x0d00-0xffff window]
[    0.415556] pci_bus 0000:00: root bus resource [mem 0x000a0000-0x000bffff window]
[    0.416857] pci_bus 0000:00: root bus resource [mem 0x40000000-0xfdffffff window]
[    0.418116] pci_bus 0000:00: root bus resource [bus 00-ff]
[    0.420383] pci 0000:00:01.1: legacy IDE quirk: reg 0x10: [io  0x01f0-0x01f7]
[    0.421490] pci 0000:00:01.1: legacy IDE quirk: reg 0x14: [io  0x03f6]
[    0.422484] pci 0000:00:01.1: legacy IDE quirk: reg 0x18: [io  0x0170-0x0177]
[    0.423548] pci 0000:00:01.1: legacy IDE quirk: reg 0x1c: [io  0x0376]
[    0.434487] pci 0000:00:07.0: quirk: [io  0x4000-0x403f] claimed by PIIX4 ACPI
[    0.443603] pci 0000:00:07.0: quirk: [io  0x4100-0x410f] claimed by PIIX4 SMB
[    0.450913] ACPI: PCI Interrupt Link [LNKA] (IRQs 5 9 10 *11)
[    0.452319] ACPI: PCI Interrupt Link [LNKB] (IRQs 5 9 *10 11)
[    0.453604] ACPI: PCI Interrupt Link [LNKC] (IRQs 5 *9 10 11)
[    0.454863] ACPI: PCI Interrupt Link [LNKD] (IRQs 5 9 10 *11)
[    0.456182] ACPI: Enabled 2 GPEs in block 00 to 07
[    0.457380] vgaarb: setting as boot device: PCI:0000:00:02.0
[    0.458257] vgaarb: device added: PCI:0000:00:02.0,decodes=io+mem,owns=io+mem,locks=none
[    0.459593] vgaarb: loaded
[    0.460121] vgaarb: bridge control possible 0000:00:02.0
[    0.461168] SCSI subsystem initialized
[    0.462015] ACPI: bus type USB registered
[    0.462764] usbcore: registered new interface driver usbfs
[    0.463640] usbcore: registered new interface driver hub
[    0.464486] usbcore: registered new device driver usb
[    0.465465] PCI: Using ACPI for IRQ routing
[    0.466428] NetLabel: Initializing
[    0.467132] NetLabel:  domain hash size = 128
[    0.467915] NetLabel:  protocols = UNLABELED CIPSOv4
[    0.468728] NetLabel:  unlabeled traffic allowed by default
[    0.469752] amd_nb: Cannot enumerate AMD northbridges
[    0.470592] clocksource: Switched to clocksource kvm-clock
[    0.479722] AppArmor: AppArmor Filesystem Enabled
[    0.480571] pnp: PnP ACPI init
[    0.481749] pnp: PnP ACPI: found 3 devices
[    0.490477] clocksource: acpi_pm: mask: 0xffffff max_cycles: 0xffffff, max_idle_ns: 2085701024 ns
[    0.491976] NET: Registered protocol family 2
[    0.492862] TCP established hash table entries: 8192 (order: 4, 65536 bytes)
[    0.494390] TCP bind hash table entries: 8192 (order: 5, 131072 bytes)
[    0.495898] TCP: Hash tables configured (established 8192 bind 8192)
[    0.496943] UDP hash table entries: 512 (order: 2, 16384 bytes)
[    0.497876] UDP-Lite hash table entries: 512 (order: 2, 16384 bytes)
[    0.498890] NET: Registered protocol family 1
[    0.499681] pci 0000:00:00.0: Limiting direct PCI/PCI transfers
[    0.500631] pci 0000:00:01.0: Activating ISA DMA hang workarounds
[    0.503882] Unpacking initramfs...
[    0.705609] Freeing initrd memory: 14888K
[    0.706512] clocksource: tsc: mask: 0xffffffffffffffff max_cycles: 0x23fa754787d, max_idle_ns: 440795210092 ns
[    0.708607] platform rtc_cmos: registered platform RTC device (no PNP device found)
[    0.709896] Scanning for low memory corruption every 60 seconds
[    0.711189] audit: initializing netlink subsys (disabled)
[    0.712014] audit: type=2000 audit(1678276874.555:1): initialized
[    0.713142] Initialise system trusted keyring
[    0.714214] HugeTLB registered 2 MB page size, pre-allocated 0 pages
[    0.716151] zbud: loaded
[    0.716952] VFS: Disk quotas dquot_6.6.0
[    0.717616] VFS: Dquot-cache hash table entries: 512 (order 0, 4096 bytes)
[    0.719181] squashfs: version 4.0 (2009/01/31) Phillip Lougher
[    0.722579] fuse init (API version 7.23)
[    0.723394] Key type big_key registered
[    0.724053] Allocating IMA MOK and blacklist keyrings.
[    0.726469] Key type asymmetric registered
[    0.727193] Asymmetric key parser 'x509' registered
[    0.728007] Block layer SCSI generic (bsg) driver version 0.4 loaded (major 249)
[    0.729302] io scheduler noop registered
[    0.729979] io scheduler deadline registered (default)
[    0.730821] io scheduler cfq registered
[    0.731595] pci_hotplug: PCI Hot Plug PCI Core version: 0.5
[    0.732468] pciehp: PCI Express Hot Plug Controller Driver version: 0.4
[    0.733609] ACPI: AC Adapter [AC] (on-line)
[    0.734423] input: Power Button as /devices/LNXSYSTM:00/LNXPWRBN:00/input/input0
[    0.735737] ACPI: Power Button [PWRF]
[    0.736431] input: Sleep Button as /devices/LNXSYSTM:00/LNXSLPBN:00/input/input1
[    0.737672] ACPI: Sleep Button [SLPF]
[    0.739013] ACPI: Battery Slot [BAT0] (battery present)
[    0.739904] GHES: HEST is not enabled!
[    0.740639] Serial: 8250/16550 driver, 32 ports, IRQ sharing enabled
[    0.762064] 00:02: ttyS0 at I/O 0x3f8 (irq = 4, base_baud = 115200) is a 16550A
[    0.764400] Linux agpgart interface v0.103
[    0.766852] loop: module loaded
[    0.768128] scsi host0: ata_piix
[    0.768863] scsi host1: ata_piix
[    0.769469] ata1: PATA max UDMA/33 cmd 0x1f0 ctl 0x3f6 bmdma 0xd000 irq 14
[    0.770496] ata2: PATA max UDMA/33 cmd 0x170 ctl 0x376 bmdma 0xd008 irq 15
[    0.771815] libphy: Fixed MDIO Bus: probed
[    0.772493] tun: Universal TUN/TAP device driver, 1.6
[    0.773345] tun: (C) 1999-2004 Max Krasnyansky <maxk@qualcomm.com>
[    0.774327] PPP generic driver version 2.4.2
[    0.775187] ehci_hcd: USB 2.0 'Enhanced' Host Controller (EHCI) Driver
[    0.776196] ehci-pci: EHCI PCI platform driver
[    0.777011] ehci-platform: EHCI generic platform driver
[    0.777899] ohci_hcd: USB 1.1 'Open' Host Controller (OHCI) Driver
[    0.779274] ohci-pci: OHCI PCI platform driver
[    0.780016] ohci-platform: OHCI generic platform driver
[    0.780856] uhci_hcd: USB Universal Host Controller Interface driver
[    0.781858] i8042: PNP: PS/2 Controller [PNP0303:PS2K,PNP0f03:PS2M] at 0x60,0x64 irq 1,12
[    0.783646] serio: i8042 KBD port at 0x60,0x64 irq 1
[    0.784448] serio: i8042 AUX port at 0x60,0x64 irq 12
[    0.785334] mousedev: PS/2 mouse device common for all mice
[    0.786602] rtc_cmos rtc_cmos: rtc core: registered rtc_cmos as rtc0
[    0.787615] input: AT Translated Set 2 keyboard as /devices/platform/i8042/serio0/input/input2
[    0.789127] rtc_cmos rtc_cmos: alarms up to one day, 114 bytes nvram
[    0.790093] i2c /dev entries driver
[    0.790753] device-mapper: uevent: version 1.0.3
[    0.791578] device-mapper: ioctl: 4.34.0-ioctl (2015-10-28) initialised: dm-devel@redhat.com
[    0.792956] ledtrig-cpu: registered to indicate activity on CPUs
[    0.794227] NET: Registered protocol family 10
[    0.795156] NET: Registered protocol family 17
[    0.795910] Key type dns_resolver registered
[    0.796868] registered taskstats version 1
[    0.797574] Loading compiled-in X.509 certificates
[    0.798755] Loaded X.509 cert 'Build time autogenerated kernel key: cf00e047681d67edb2720680708b7d9498083038'
[    0.800449] zswap: loaded using pool lzo/zbud
[    0.802482] Key type trusted registered
[    0.806152] Key type encrypted registered
[    0.806837] AppArmor: AppArmor sha1 policy hashing enabled
[    0.807733] ima: No TPM chip found, activating TPM-bypass!
[    0.808637] ima: Allocated hash algorithm: sha1
[    0.809405] evm: HMAC attrs: 0x1
[    0.810289]   Magic number: 15:813:25
[    0.811179] rtc_cmos rtc_cmos: setting system clock to 2023-03-08 12:01:09 UTC (1678276869)
[    0.813009] BIOS EDD facility v0.16 2004-Jun-25, 0 devices found
[    0.813949] EDD information not available.
[    0.951162] Freeing unused kernel memory: 1492K
[    0.952251] Write protecting the kernel read-only data: 14336k
[    0.953618] Freeing unused kernel memory: 1584K
[    0.954439] Freeing unused kernel memory: 52K
Loading, please wait...
starting version 229
[    0.963418] random: systemd-udevd: uninitialized urandom read (16 bytes read, 3 bits of entropy available)
[    0.963766] random: udevadm: uninitialized urandom read (16 bytes read, 3 bits of entropy available)
[    0.963777] random: udevadm: uninitialized urandom read (16 bytes read, 3 bits of entropy available)
[    0.968319] random: systemd-udevd: uninitialized urandom read (16 bytes read, 3 bits of entropy available)
[    0.968481] random: udevadm: uninitialized urandom read (16 bytes read, 3 bits of entropy available)
[    0.968508] random: udevadm: uninitialized urandom read (16 bytes read, 3 bits of entropy available)
[    0.968584] random: udevadm: uninitialized urandom read (16 bytes read, 3 bits of entropy available)
[    0.968612] random: udevadm: uninitialized urandom read (16 bytes read, 3 bits of entropy available)
[    0.968639] random: udevadm: uninitialized urandom read (16 bytes read, 3 bits of entropy available)
[    0.968667] random: udevadm: uninitialized urandom read (16 bytes read, 3 bits of entropy available)
[    1.000444] Fusion MPT base driver 3.04.20
[    1.001233] Copyright (c) 1999-2008 LSI Corporation
[    1.004609] e1000: Intel(R) PRO/1000 Network Driver - version 7.3.21-k8-NAPI
[    1.005683] e1000: Copyright (c) 1999-2006 Intel Corporation.
[    1.009584] Fusion MPT SPI Host driver 3.04.20
[    1.014777] mptbase: ioc0: Initiating bringup
[    1.017965] AVX2 version of gcm_enc/dec engaged.
[    1.018753] AES CTR mode by8 optimization enabled
[    1.218561] input: ImExPS/2 Generic Explorer Mouse as /devices/platform/i8042/serio1/input/input4
[    1.223029] ioc0: LSI53C1030 A0: Capabilities={Initiator}
[    3.820087] scsi host2: ioc0: LSI53C1030 A0, FwRev=00000000h, Ports=1, MaxQ=256, IRQ=20
[    4.997424] scsi 2:0:0:0: Direct-Access     VBOX     HARDDISK         1.0  PQ: 0 ANSI: 5
[    4.999232] scsi target2:0:0: Beginning Domain Validation
[    5.001768] scsi target2:0:0: Domain Validation skipping write tests
[    5.002743] scsi target2:0:0: Ending Domain Validation
[    5.003585] scsi target2:0:0: asynchronous
[    5.004496] scsi 2:0:1:0: Direct-Access     VBOX     HARDDISK         1.0  PQ: 0 ANSI: 5
[    5.005844] scsi target2:0:1: Beginning Domain Validation
[    5.007271] scsi target2:0:1: Domain Validation skipping write tests
[    5.008253] scsi target2:0:1: Ending Domain Validation
[    5.009086] scsi target2:0:1: asynchronous
[    5.013042] sd 2:0:0:0: [sda] 83886080 512-byte logical blocks: (42.9 GB/40.0 GiB)
[    5.014354] sd 2:0:0:0: Attached scsi generic sg0 type 0
[    5.015455] sd 2:0:1:0: [sdb] 20480 512-byte logical blocks: (10.5 MB/10.0 MiB)
[    5.023255] sd 2:0:1:0: Attached scsi generic sg1 type 0
[    5.023359] sd 2:0:0:0: [sda] Write Protect is off
[    5.026174] sd 2:0:0:0: [sda] Incomplete mode parameter data
[    5.026389] sd 2:0:1:0: [sdb] Write Protect is off
[    5.026546] sd 2:0:1:0: [sdb] Incomplete mode parameter data
[    5.026547] sd 2:0:1:0: [sdb] Assuming drive cache: write through
[    5.030295] sd 2:0:0:0: [sda] Assuming drive cache: write through
[    5.034143]  sda: sda1
[    5.035081] sd 2:0:0:0: [sda] Attached SCSI disk
[    5.044281] sd 2:0:1:0: [sdb] Attached SCSI disk
[    5.346494] e1000 0000:00:03.0 eth0: (PCI:33MHz:32-bit) 02:be:82:6b:cc:1d
[    5.347563] e1000 0000:00:03.0 eth0: Intel(R) PRO/1000 Network Connection
[    5.694170] e1000 0000:00:08.0 eth1: (PCI:33MHz:32-bit) 08:00:27:ea:80:73
[    5.695853] e1000 0000:00:08.0 eth1: Intel(R) PRO/1000 Network Connection
[    5.697634] e1000 0000:00:08.0 enp0s8: renamed from eth1
[    5.707525] e1000 0000:00:03.0 enp0s3: renamed from eth0
Begin: Loading essential drivers ... [    6.955036] md: linear personality registered for level -1
[    6.958007] md: multipath personality registered for level -4
[    6.960184] md: raid0 personality registered for level 0
[    6.963096] md: raid1 personality registered for level 1
[    7.030674] raid6: sse2x1   gen() 12779 MB/s
[    7.098661] raid6: sse2x1   xor()  8442 MB/s
[    7.166769] raid6: sse2x2   gen() 17805 MB/s
[    7.234686] raid6: sse2x2   xor() 11801 MB/s
[    7.302651] raid6: sse2x4   gen() 19216 MB/s
[    7.370686] raid6: sse2x4   xor() 11687 MB/s
[    7.438681] raid6: avx2x1   gen() 25625 MB/s
[    7.506655] raid6: avx2x2   gen() 30819 MB/s
[    7.574683] raid6: avx2x4   gen() 35385 MB/s
[    7.575583] raid6: using algorithm avx2x4 gen() 35385 MB/s
[    7.576885] raid6: using avx2x2 recovery algorithm
[    7.578501] xor: automatically using best checksumming function:
[    7.618682]    avx       : 27784.000 MB/sec
[    7.620798] async_tx: api initialized (async)
[    7.627514] md: raid6 personality registered for level 6
[    7.628761] md: raid5 personality registered for level 5
[    7.629672] md: raid4 personality registered for level 4
[    7.634818] md: raid10 personality registered for level 10
done.
Begin: Running /scripts/init-premount ... done.
Begin: Mounting root file system ... Begin: Running /scripts/local-top ... done.
Begin: Running /scripts/local-premount ... [    7.658625] Btrfs loaded
Scanning for Btrfs filesystems
done.
Warning: fsck not present, so skipping root file system
[    7.679266] EXT4-fs (sda1): mounted filesystem with ordered data mode. Opts: (null)
done.
Begin: Running /scripts/local-bottom ... done.
Begin: Running /scripts/init-bottom ... done.
[    7.731759] systemd[1]: systemd 229 running in system mode. (+PAM +AUDIT +SELINUX +IMA +APPARMOR +SMACK +SYSVINIT +UTMP +LIBCRYPTSETUP +GCRYPT +GNUTLS +ACL +XZ -LZ4 +SECCOMP +BLKID +ELFUTILS +KMOD -IDN)
[    7.734540] systemd[1]: Detected virtualization oracle.
[    7.735423] systemd[1]: Detected architecture x86-64.

Welcome to [1mUbuntu 16.04.7 LTS[0m!

[    7.738147] systemd[1]: Set hostname to <ubuntu>.
[    7.740079] systemd[1]: Initializing machine ID from random generator.
[    7.741094] systemd[1]: Installed transient /etc/machine-id file.
[    7.906597] systemd[1]: Reached target Encrypted Volumes.
[[0;32m  OK  [0m] Reached target Encrypted Volumes.
[    7.908365] systemd[1]: Started Trigger resolvconf update for networkd DNS.
[[0;32m  OK  [0m] Started Trigger resolvconf update for networkd DNS.
[    7.910393] systemd[1]: Listening on Journal Audit Socket.
[[0;32m  OK  [0m] Listening on Journal Audit Socket.
[    7.912196] systemd[1]: Reached target User and Group Name Lookups.
[[0;32m  OK  [0m] Reached target User and Group Name Lookups.
[    7.914060] systemd[1]: Listening on LVM2 metadata daemon socket.
[[0;32m  OK  [0m] Listening on LVM2 metadata daemon socket.
[    7.915901] systemd[1]: Listening on Device-mapper event daemon FIFOs.
[[0;32m  OK  [0m] Listening on Device-mapper event daemon FIFOs.
[    7.917850] systemd[1]: Started Forward Password Requests to Wall Directory Watch.
[[0;32m  OK  [0m] Started Forward Password Requests to Wall Directory Watch.
[    7.920307] systemd[1]: Created slice User and Session Slice.
[[0;32m  OK  [0m] Created slice User and Session Slice.
[    7.922046] systemd[1]: Listening on Journal Socket.
[[0;32m  OK  [0m] Listening on Journal Socket.
[    7.923631] systemd[1]: Listening on Journal Socket (/dev/log).
[[0;32m  OK  [0m] Listening on Journal Socket (/dev/log).
[    7.925389] systemd[1]: Listening on udev Kernel Socket.
[[0;32m  OK  [0m] Listening on udev Kernel Socket.
[    7.927015] systemd[1]: Reached target Swap.
[[0;32m  OK  [0m] Reached target Swap.
[    7.928461] systemd[1]: Listening on /dev/initctl Compatibility Named Pipe.
[[0;32m  OK  [0m] Listening on /dev/initctl Compatibility Named Pipe.
[    7.930464] systemd[1]: Listening on udev Control Socket.
[[0;32m  OK  [0m] Listening on udev Control Socket.
[    7.932209] systemd[1]: Set up automount Arbitrary Executable File Formats File System Automount Point.
[[0;32m  OK  [0m] Set up automount Arbitrary Executab...ats File System Automount Point.
[    7.934798] systemd[1]: Reached target System Time Synchronized.
[[0;32m  OK  [0m] Reached target System Time Synchronized.
[    7.936595] systemd[1]: Listening on Syslog Socket.
[[0;32m  OK  [0m] Listening on Syslog Socket.
[    7.938126] systemd[1]: Listening on fsck to fsckd communication Socket.
[[0;32m  OK  [0m] Listening on fsck to fsckd communication Socket.
[    7.940214] systemd[1]: Created slice System Slice.
[[0;32m  OK  [0m] Created slice System Slice.
[    7.951588] systemd[1]: Starting Create list of required static device nodes for the current kernel...
         Starting Create list of required st... nodes for the current kernel...
[    7.954630] systemd[1]: Created slice system-serial\x2dgetty.slice.
[[0;32m  OK  [0m] Created slice system-serial\x2dgetty.slice.
[    7.956522] systemd[1]: Reached target Slices.
[[0;32m  OK  [0m] Reached target Slices.
[    7.958308] systemd[1]: Mounting Debug File System...
         Mounting Debug File System...
[    7.960642] systemd[1]: Starting Set console keymap...
         Starting Set console keymap...
[    7.962932] systemd[1]: Starting Uncomplicated firewall...
         Starting Uncomplicated firewall...
[    7.965005] systemd[1]: Mounting Huge Pages File System...
         Mounting Huge Pages File System...
[    7.967040] systemd[1]: Starting File System Check on Root Device...
         Starting File System Check on Root Device...
[    7.971318] systemd[1]: Starting Nameserver information manager...
         Starting Nameserver information manager...
[    7.973400] systemd[1]: Mounting POSIX Message Queue File System...
         Mounting POSIX Message Queue File System...
[    7.980030] systemd[1]: Starting Monitoring of LVM2 mirrors, snapshots etc. using dmeventd or progress polling...
         Starting Monitoring of LVM2 mirrors... dmeventd or progress polling...
[    7.983189] systemd[1]: Listening on LVM2 poll daemon socket.
[[0;32m  OK  [0m] Listening on LVM2 poll daemon socket.
[    7.987059] systemd[1]: Starting Load Kernel Modules...
         Starting Load Kernel Modules...
[    7.989180] systemd[1]: Starting Journal Service...
         Starting Journal Service...
[    7.993224] systemd[1]: Mounted Huge Pages File System.
[    7.994234] Loading iSCSI transport class v2.0-870.
[[0;32m  OK  [0m] Mounted Huge Pages File System.
[    7.995598] systemd[1]: Mounted POSIX Message Queue File System.
[[0;32m  OK  [0m] Mounted POSIX Message Queue File System.
[    7.997548] systemd[1]: Mounted Debug File System.
[[0;32m  OK  [0m] Mounted Debug File System.
[    7.999619] systemd[1]: Started Create list of required static device nodes for the current kernel.
[[0;32m  OK  [0m] Started Create list of required sta...ce nodes for the current kernel.
[    8.003355] systemd[1]: Started Set console keymap.
[    8.004317] iscsi: registered transport (tcp)
[[0;32m  OK  [0m] Started Set console keymap.
[    8.005907] systemd[1]: Started Uncomplicated firewall.
[[0;32m  OK  [0m] Started Uncomplicated firewall.
[    8.008110] systemd[1]: Started File System Check on Root Device.
[[0;32m  OK  [0m] Started File System Check on Root Device.
[    8.014083] systemd[1]: Started Nameserver information manager.
[[0;32m  OK  [0m] Started Nameserver information manager.
[    8.018478] systemd[1]: Started LVM2 metadata daemon.
[[0;32m  OK  [0m] Started LVM2 metadata daemon.
[    8.020947] systemd[1]: Started File System Check Daemon to report status.
[[0;32m  OK  [0m] Started File System Check Daemon to report status.
[    8.025384] systemd[1]: Starting Remount Root and Kernel File Systems...
         Starting Remount Root and Kernel File Systems...
[    8.028128] systemd[1]: Starting Create Static Device Nodes in /dev...
         [    8.030258] EXT4-fs (sda1): re-mounted. Opts: (null)
Starting Create Static Device Nodes in /dev...
[    8.032792] systemd[1]: Started Journal Service.
[[0;32m  OK  [0m] Started Journal Service.
[[0;32m  OK  [0m] Started Remount Root and Kernel File Systems.
         Starting udev Coldplug all Devices...
         Starting Load/Save Random Seed...
         Starting Flush Journal to Persistent Storage...
[[0;32m  OK  [0m] Started Create Static Device Nodes in /dev.
         Starting udev Kernel Device Manager...
[    8.054503] systemd-journald[399]: Received request to flush runtime journal from PID 1
[[0;32m  OK  [0m] Started Load/Save Random Seed.
[[0;32m  OK  [0m] Started Flush Journal to Persistent Storage.
[    8.059372] iscsi: registered transport (iser)
[[0;32m  OK  [0m] Started Load Kernel Modules.
[    8.061315] random: nonblocking pool is initialized
         Starting Apply Kernel Variables...
         Mounting FUSE Control File System...
[[0;32m  OK  [0m] Mounted FUSE Control File System.
[[0;32m  OK  [0m] Started Apply Kernel Variables.
[[0;32m  OK  [0m] Started udev Kernel Device Manager.
[[0;32m  OK  [0m] Started udev Coldplug all Devices.
[[0;32m  OK  [0m] Started Dispatch Password Requests to Console Directory Watch.
[[0;32m  OK  [0m] Found device /dev/ttyS0.
[[0;32m  OK  [0m] Listening on Load/Save RF Kill Switch Status /dev/rfkill Watch.
[[0;32m  OK  [0m] Started Monitoring of LVM2 mirrors,...ng dmeventd or progress polling.
[[0;32m  OK  [0m] Reached target Local File Systems (Pre).
[[0;32m  OK  [0m] Reached target Local File Systems.
         Starting Commit a transient machine-id on disk...
         Starting LSB: AppArmor initialization...
         Starting Set console font and keymap...
         Starting Create Volatile Files and Directories...
         Starting Initial cloud-init job (pre-networking)...
         Starting Tell Plymouth To Write Out Runtime Data...
[[0;32m  OK  [0m] Started Commit a transient machine-id on disk.
[[0;32m  OK  [0m] Started Create Volatile Files and Directories.
         Starting Update UTMP about System Boot/Shutdown...
[[0;32m  OK  [0m] Started Update UTMP about System Boot/Shutdown.
[[0;32m  OK  [0m] Started Tell Plymouth To Write Out Runtime Data.
[[0;32m  OK  [0m] Started Set console font and keymap.
[[0;32m  OK  [0m] Created slice system-getty.slice.
[[0;32m  OK  [0m] Started LSB: AppArmor initialization.
         Starting Load AppArmor profiles managed internally by snapd...
[[0;32m  OK  [0m] Started Load AppArmor profiles managed internally by snapd.
[    9.092388] cloud-init[632]: Cloud-init v. 21.1-19-gbad84ad4-0ubuntu1~16.04.2 running 'init-local' at Wed, 08 Mar 2023 12:01:17 +0000. Up 8.88 seconds.
[[0;32m  OK  [0m] Started Initial cloud-init job (pre-networking).
[[0;32m  OK  [0m] Reached target Network (Pre).
         Starting Raise network interfaces...
[[0;32m  OK  [0m] Started Raise network interfaces.
[[0;32m  OK  [0m] Reached target Network.
         Starting Initial cloud-init job (metadata service crawler)...
[    9.736986] cloud-init[963]: Cloud-init v. 21.1-19-gbad84ad4-0ubuntu1~16.04.2 running 'init' at Wed, 08 Mar 2023 12:01:18 +0000. Up 9.43 seconds.
[    9.738578] cloud-init[963]: ci-info: ++++++++++++++++++++++++++++++++++++++Net device info+++++++++++++++++++++++++++++++++++++++
[    9.744352] cloud-init[963]: ci-info: +--------+-------+----------------------------+---------------+--------+-------------------+
[    9.745640] cloud-init[963]: ci-info: | Device |   Up  |          Address           |      Mask     | Scope  |     Hw-Address    |
[    9.747164] cloud-init[963]: ci-info: +--------+-------+----------------------------+---------------+--------+-------------------+
[    9.748648] cloud-init[963]: ci-info: | enp0s3 |  True |         10.0.2.15          | 255.255.255.0 | global | 02:be:82:6b:cc:1d |
[    9.750091] cloud-init[963]: ci-info: | enp0s3 |  True | fe80::be:82ff:fe6b:cc1d/64 |       .       |  link  | 02:be:82:6b:cc:1d |
[    9.752991] cloud-init[963]: ci-info: | enp0s8 | False |             .              |       .       |   .    | 08:00:27:ea:80:73 |
[    9.756155] cloud-init[963]: ci-info: |   lo   |  True |         127.0.0.1          |   255.0.0.0   |  host  |         .         |
[    9.760320] cloud-init[963]: ci-info: |   lo   |  True |          ::1/128           |       .       |  host  |         .         |
[    9.761760] cloud-init[963]: ci-info: +--------+-------+----------------------------+---------------+--------+-------------------+
[    9.763176] cloud-init[963]: ci-info: +++++++++++++++++++++++++++Route IPv4 info++++++++++++++++++++++++++++
[    9.768374] cloud-init[963]: ci-info: +-------+-------------+----------+---------------+-----------+-------+
[    9.769688] cloud-init[963]: ci-info: | Route | Destination | Gateway  |    Genmask    | Interface | Flags |
[    9.770936] cloud-init[963]: ci-info: +-------+-------------+----------+---------------+-----------+-------+
[    9.776486] cloud-init[963]: ci-info: |   0   |   0.0.0.0   | 10.0.2.2 |    0.0.0.0    |   enp0s3  |   UG  |
[    9.777800] cloud-init[963]: ci-info: |   1   |   10.0.2.0  | 0.0.0.0  | 255.255.255.0 |   enp0s3  |   U   |
[    9.779052] cloud-init[963]: ci-info: +-------+-------------+----------+---------------+-----------+-------+
[    9.780417] cloud-init[963]: ci-info: +++++++++++++++++++Route IPv6 info+++++++++++++++++++
[    9.781588] cloud-init[963]: ci-info: +-------+-------------+---------+-----------+-------+
[    9.782773] cloud-init[963]: ci-info: | Route | Destination | Gateway | Interface | Flags |
[    9.783921] cloud-init[963]: ci-info: +-------+-------------+---------+-----------+-------+
[    9.785129] cloud-init[963]: ci-info: |   0   |  fe80::/64  |    ::   |   enp0s3  |   U   |
[    9.786280] cloud-init[963]: ci-info: |   3   |   ff00::/8  |    ::   |   enp0s3  |   U   |
[    9.792243] cloud-init[963]: ci-info: +-------+-------------+---------+-----------+-------+
[    9.793232] cloud-init[963]: Generating public/private rsa key pair.
[[0;32m  OK  [0m] Started Initial cloud-init job (metadata service crawler).
[[0;32m  OK  [0m] Reached target Cloud-config availability.
[    9.796091] cloud-init[963]: Your identification has been saved in /etc/ssh/ssh_host_rsa_key.
[    9.796175] cloud-init[963]: Your public key has been saved in /etc/ssh/ssh_host_rsa_key.pub.
[    9.796411] cloud-init[963]: The key fingerprint is:
[    9.796640] cloud-init[963]: SHA256:/jdukOWY1uxqH6CdZguta/tQtwDInI+azPkm0ZMCLx8 root@ubuntu-xenial
[    9.796883] cloud-init[963]: The key's randomart image is:
[    9.797105] cloud-init[963]: +---[RSA 2048]----+
[    9.797333] cloud-init[963]: |                 |
[    9.797565] cloud-init[963]: |     o o         |
[    9.797805] cloud-init[963]: |      = .        |
[    9.798028] cloud-init[963]: |  .    o .  .    |
[    9.798146] cloud-init[963]: |   o ...S +O.    |
[    9.798392] cloud-init[963]: |  .oE++. =*=+.   |
[    9.798621] cloud-init[963]: |   o*+ .=.*oo    |
[    9.798864] cloud-init[963]: |    o.. .B..=.   |
[    9.799090] cloud-init[963]: |     o..+==*o.   |
[    9.799317] cloud-init[963]: +----[SHA256]-----+
[    9.799549] cloud-init[963]: Generating public/private dsa key pair.
[    9.799796] cloud-init[963]: Your identification has been saved in /etc/ssh/ssh_host_dsa_key.
[    9.800151] cloud-init[963]: Your public key has been saved in /etc/ssh/ssh_host_dsa_key.pub.
[    9.800372] cloud-init[963]: The key fingerprint is:
[    9.800601] cloud-init[963]: SHA256:jIgfeUwMJHWHVEPpvoCTvzu0K7Oq8+B2qBAiEJpQ6bw root@ubuntu-xenial
[    9.800955] cloud-init[963]: The key's randomart image is:
[    9.801179] cloud-init[963]: +---[DSA 1024]----+
[    9.801411] cloud-init[963]: |o.o++.o+=.       |
[    9.801656] cloud-init[963]: |oo.. +....       |
[    9.801885] cloud-init[963]: |+o    o.         |
[    9.802127] cloud-init[963]: |. o. = o.        |
[    9.802356] cloud-init[963]: |+ ..+o+.S        |
[    9.802590] cloud-init[963]: |o.E.+oo .        |
[    9.802830] cloud-init[963]: |o . .+ o .       |
[    9.803053] cloud-init[963]: |++ .o + .        |
[    9.803291] cloud-init[963]: |==+..++=         |
[    9.803518] cloud-init[963]: +----[SHA256]-----+
[    9.803759] cloud-init[963]: Generating public/private ecdsa key pair.
[    9.803983] cloud-init[963]: Your identification has been saved in /etc/ssh/ssh_host_ecdsa_key.
[    9.804336] cloud-init[963]: Your public key has been saved in /etc/ssh/ssh_host_ecdsa_key.pub.
[    9.804584] cloud-init[963]: The key fingerprint is:
[    9.804797] cloud-init[963]: SHA256:f29g4Oft7RgHVgyBBuWWhg3EbeoT9LzoFO01nTgiy6k root@ubuntu-xenial
[    9.805026] cloud-init[963]: The key's randomart image is:
[    9.805256] cloud-init[963]: +---[ECDSA 256]---+
[    9.805485] cloud-init[963]: |         o++..o. |
[    9.805730] cloud-init[963]: |          o==. o |
[    9.805954] cloud-init[963]: |         ..B* ..+|
[    9.806183] cloud-init[963]: |         .=++ooo.|
[    9.806416] cloud-init[963]: |        So+*.o+. |
[    9.806660] cloud-init[963]: |         =* *. . |
[    9.806893] cloud-init[963]: |        .o.=.o. .|
[    9.807122] cloud-init[963]: |       E  ....o= |
[    9.807351] cloud-init[963]: |             o+.o|
[    9.807596] cloud-init[963]: +----[SHA256]-----+
[    9.807828] cloud-init[963]: Generating public/private ed25519 key pair.
[    9.808189] cloud-init[963]: Your identification has been saved in /etc/ssh/ssh_host_ed25519_key.
[    9.808415] cloud-init[963]: Your public key has been saved in /etc/ssh/ssh_host_ed25519_key.pub.
[    9.808654] cloud-init[963]: The key fingerprint is:
[    9.808878] cloud-init[963]: SHA256:plwDpjTanESJiwD38J2FeDwJ63cccICDRmGqLX5OGK4 root@ubuntu-xenial
[    9.809109] cloud-init[963]: The key's randomart image is:
[    9.809340] cloud-init[963]: +--[ED25519 256]--+
[    9.809586] cloud-init[963]: |o.*+o*o+o        |
[    9.809808] cloud-init[963]: |.++==o*=         |
[    9.810049] cloud-init[963]: |oo .Bo=..        |
[    9.810270] cloud-init[963]: |o..B = o .       |
[    9.810518] cloud-init[963]: |o.o * . S        |
[    9.810741] cloud-init[963]: |o.o  o = .       |
[    9.810967] cloud-init[963]: | + o  o          |
[    9.811200] cloud-init[963]: |. +              |
[    9.811443] cloud-init[963]: |E  .             |
[    9.811669] cloud-init[963]: +----[SHA256]-----+
[[0;32m  OK  [0m] Reached target Network is Online.
         Starting iSCSI initiator daemon (iscsid)...
[[0;32m  OK  [0m] Reached target System Initialization.
[[0;32m  OK  [0m] Started Daily Cleanup of Temporary Directories.
[[0;32m  OK  [0m] Listening on UUID daemon activation socket.
[[0;32m  OK  [0m] Started Message of the Day.
[[0;32m  OK  [0m] Started ACPI Events Check.
[[0;32m  OK  [0m] Reached target Paths.
[[0;32m  OK  [0m] Started Ubuntu Advantage update messaging.
         Starting LXD - unix socket.
[[0;32m  OK  [0m] Listening on ACPID Listen Socket.
         Starting Socket activation for snappy daemon.
[[0;32m  OK  [0m] Listening on D-Bus System Message Bus Socket.
[[0;32m  OK  [0m] Started Daily apt download activities.
[[0;32m  OK  [0m] Started Daily apt upgrade and clean activities.
[[0;32m  OK  [0m] Reached target Timers.
[[0;32m  OK  [0m] Listening on LXD - unix socket.
[[0;32m  OK  [0m] Listening on Socket activation for snappy daemon.
[[0;32m  OK  [0m] Reached target Sockets.
[[0;32m  OK  [0m] Reached target Basic System.
         Starting Pollinate to seed the pseudo random number generator...
         Starting /etc/rc.local Compatibility...
[[0;32m  OK  [0m] Started ACPI event daemon.
[[0;32m  OK  [0m] Started Regular background program processing daemon.
[[0;32m  OK  [0m] Started FUSE filesystem for LXC.
         Starting LSB: Record successful boot for GRUB...
         Starting Login Service...
         Starting Accounts Service...
[[0;32m  OK  [0m] Started Deferred execution scheduler.
         Starting Virtualbox guest utils...
         Starting Snap Daemon...
[[0;32m  OK  [0m] Started D-Bus System Message Bus.
         Starting LSB: MD monitoring daemon...
         Starting System Logging Service...
         Starting LXD - container startup/shutdown...
[[0;32m  OK  [0m] Started iSCSI initiator daemon (iscsid).
[[0;32m  OK  [0m] Started /etc/rc.local Compatibility.
         Starting Login to default iSCSI targets...
[[0;32m  OK  [0m] Started Login Service.
[[0;32m  OK  [0m] Started Unattended Upgrades Shutdown.
[[0;32m  OK  [0m] Started Login to default iSCSI targets.
[[0;32m  OK  [0m] Started System Logging Service.
[[0;32m  OK  [0m] Reached target Remote File Systems (Pre).
[[0;32m  OK  [0m] Reached target Remote File Systems.
         Starting Permit User Sessions...
         Starting LSB: Set the CPU Frequency Scaling governor to "ondemand"...
         Starting LSB: automatic crash report generation...
         Starting LSB: daemon to balance interrupts for SMP systems...
[[0;32m  OK  [0m] Started LSB: Record successful boot for GRUB.
[[0;32m  OK  [0m] Started Permit User Sessions.
         Starting Authenticate and Authorize Users to Run Privileged Tasks...
         Starting Terminate Plymouth Boot Screen...
         Starting Hold until boot process finishes up...
[[0;32m  OK  [0m] Started LSB: MD monitoring daemon.
[[0;32m  OK  [0m] Started Hold until boot process finishes up.
[[0;32m  OK  [0m] Started Terminate Plymouth Boot Screen.
         Starting Set console scheme...
[[0;32m  OK  [0m] Started Serial Getty on ttyS0.
[[0;32m  OK  [0m] Started Getty on tty1.
[[0;32m  OK  [0m] Reached target Login Prompts.
[[0;32m  OK  [0m] Started LXD - container startup/shutdown.
[[0;32m  OK  [0m] Started LSB: Set the CPU Frequency Scaling governor to "ondemand".
[[0;32m  OK  [0m] Started LSB: automatic crash report generation.
[[0;32m  OK  [0m] Started LSB: daemon to balance interrupts for SMP systems.
[[0;32m  OK  [0m] Started Set console scheme.
[[0;32m  OK  [0m] Started Authenticate and Authorize Users to Run Privileged Tasks.
[[0;32m  OK  [0m] Started Accounts Service.
[[0;32m  OK  [0m] Started Virtualbox guest utils.
[[0;32m  OK  [0m] Started Snap Daemon.
         Starting Wait until snapd is fully seeded...
[[0;32m  OK  [0m] Started Pollinate to seed the pseudo random number generator.
         Starting OpenBSD Secure Shell server...
[[0;32m  OK  [0m] Started OpenBSD Secure Shell server.
[[0;32m  OK  [0m] Created slice User Slice of vagrant.
         Starting User Manager for UID 1000...
[[0;32m  OK  [0m] Started Session 1 of user vagrant.
[[0;32m  OK  [0m] Started User Manager for UID 1000.
[[0;32m  OK  [0m] Started Wait until snapd is fully seeded.
[[0;32m  OK  [0m] Reached target Multi-User System.
[[0;32m  OK  [0m] Reached target Graphical Interface.
         Starting Update UTMP about System Runlevel Changes...
         Starting Apply the settings specified in cloud-config...
[[0;32m  OK  [0m] Started Update UTMP about System Runlevel Changes.
[   12.612492] cloud-init[1365]: Generating locales (this might take a while)...
[   13.239161] cloud-init[1365]:   en_US.UTF-8... done
[   13.240286] cloud-init[1365]: Generation complete.
[   13.426549] cloud-init[1365]: Cloud-init v. 21.1-19-gbad84ad4-0ubuntu1~16.04.2 running 'modules:config' at Wed, 08 Mar 2023 12:01:21 +0000. Up 12.50 seconds.
[[0;32m  OK  [0m] Started Apply the settings specified in cloud-config.
         Starting Execute cloud user/final scripts...
ci-info: no authorized SSH keys fingerprints found for user ubuntu.
<14>Mar  8 12:01:22 ec2: 
<14>Mar  8 12:01:22 ec2: #############################################################
<14>Mar  8 12:01:22 ec2: -----BEGIN SSH HOST KEY FINGERPRINTS-----
<14>Mar  8 12:01:22 ec2: 1024 SHA256:jIgfeUwMJHWHVEPpvoCTvzu0K7Oq8+B2qBAiEJpQ6bw root@ubuntu-xenial (DSA)
<14>Mar  8 12:01:22 ec2: 256 SHA256:f29g4Oft7RgHVgyBBuWWhg3EbeoT9LzoFO01nTgiy6k root@ubuntu-xenial (ECDSA)
<14>Mar  8 12:01:22 ec2: 256 SHA256:plwDpjTanESJiwD38J2FeDwJ63cccICDRmGqLX5OGK4 root@ubuntu-xenial (ED25519)
<14>Mar  8 12:01:22 ec2: 2048 SHA256:/jdukOWY1uxqH6CdZguta/tQtwDInI+azPkm0ZMCLx8 root@ubuntu-xenial (RSA)
<14>Mar  8 12:01:22 ec2: -----END SSH HOST KEY FINGERPRINTS-----
<14>Mar  8 12:01:22 ec2: #############################################################
-----BEGIN SSH HOST KEY KEYS-----
ecdsa-sha2-nistp256 AAAAE2VjZHNhLXNoYTItbmlzdHAyNTYAAAAIbmlzdHAyNTYAAABBBAQK6ZH6ow4Ve+5VUL9Nv+3kmUsgCeJPiLWu+zFGYXfZCNQ6yLq8c4z4RGbf+Eucd6jU9butkTrygocMEwUeWnk= root@ubuntu-xenial
ssh-ed25519 AAAAC3NzaC1lZDI1NTE5AAAAIMas/epsN2FOv8UDeufXJIqFxqUN2Cm2mjMKAQq9RKjj root@ubuntu-xenial
ssh-rsa AAAAB3NzaC1yc2EAAAADAQABAAABAQDFethRdVVslDOWH/+hHof9vLCuTZDbq7jhYznnLVTQOr0dkOcdODPx4eem8TeigxdytFmBjMzMXWXm1jQ6f+6jdPyS7vZqDeOHPiWTOa9Iuyg0QAAtzPANorn8i4SRT9M5NKw6FWFLt5zqJIQusUJehrx51tb/Jh61gCsOTp+YUBc2fWKQvx8gEMNWo6OmuBj15nFmQIbuoID1pV6ll1/Fd5H+lLvqZbnM1d4JIWDj9iclCavXM/hr+byocl7hpba1ZO2PIFwDkyXEy8R7eyLVZmVAli/qdKOk1k406iEasLoynap5VMlMpFUVrGvHAWKiyJFC64eqEvhoRmv8S1IX root@ubuntu-xenial
-----END SSH HOST KEY KEYS-----
[   13.768954] cloud-init[1502]: Cloud-init v. 21.1-19-gbad84ad4-0ubuntu1~16.04.2 running 'modules:final' at Wed, 08 Mar 2023 12:01:22 +0000. Up 13.65 seconds.
[   13.770486] cloud-init[1502]: ci-info: no authorized SSH keys fingerprints found for user ubuntu.
[   13.771716] cloud-init[1502]: Cloud-init v. 21.1-19-gbad84ad4-0ubuntu1~16.04.2 finished at Wed, 08 Mar 2023 12:01:22 +0000. Datasource DataSourceNoCloud [seed=/dev/sdb][dsmode=net].  Up 13.76 seconds
[[0;32m  OK  [0m] Started Execute cloud user/final scripts.
[[0;32m  OK  [0m] Reached target Cloud-init target.

Ubuntu 16.04.7 LTS ubuntu-xenial ttyS0

ubuntu-xenial login: [[0;32m  OK  [0m] Stopped Unattended Upgrades Shutdown.
         Stopping Authenticate and Authorize Users to Run Privileged Tasks...
         Stopping Session 3 of user vagrant.
[[0;32m  OK  [0m] Stopped target Graphical Interface.
[[0;32m  OK  [0m] Closed Load/Save RF Kill Switch Status /dev/rfkill Watch.
[[0;32m  OK  [0m] Stopped target Cloud-init target.
[[0;32m  OK  [0m] Stopped Execute cloud user/final scripts.
[[0;32m  OK  [0m] Stopped Apply the settings specified in cloud-config.
[[0;32m  OK  [0m] Stopped target Cloud-config availability.
[[0;32m  OK  [0m] Stopped target Timers.
[[0;32m  OK  [0m] Stopped Daily Cleanup of Temporary Directories.
[[0;32m  OK  [0m] Stopped Message of the Day.
         Stopping ACPI event daemon...
[[0;32m  OK  [0m] Stopped target Multi-User System.
         Stopping FUSE filesystem for LXC...
         Stopping System Logging Service...
         Stopping A high performance web server and a reverse proxy server...
         Stopping Virtualbox guest utils...
         Stopping Deferred execution scheduler...
         Stopping LSB: Record successful boot for GRUB...
         Stopping LSB: MD monitoring daemon...
[[0;32m  OK  [0m] Stopped target Login Prompts.
         Stopping Regular background program processing daemon...
         Stopping LSB: automatic crash report generation...
         Stopping LSB: daemon to balance interrupts for SMP systems...
[[0;32m  OK  [0m] Stopped Wait until snapd is fully seeded.
         Stopping User Manager for UID 1000...
         Stopping Getty on tty1...
[[0;32m  OK  [0m] Stopped Ubuntu Advantage update messaging.
[[0;32m  OK  [0m] Stopped Daily apt upgrade and clean activities.
[[0;32m  OK  [0m] Stopped Daily apt download activities.
[[0;32m  OK  [0m] Stopped target System Time Synchronized.
         Stopping D-Bus System Message Bus...
         Stopping OpenBSD Secure Shell server...
         Stopping Serial Getty on ttyS0...
         Stopping LSB: Set the CPU Frequency Scaling governor to "ondemand"...
         Stopping LXD - container startup/shutdown...
         Stopping Accounts Service...
[[0;32m  OK  [0m] Unmounted /var/lib/lxcfs.
[[0;32m  OK  [0m] Stopped Regular background program processing daemon.
[[0;32m  OK  [0m] Stopped ACPI event daemon.
[[0;32m  OK  [0m] Stopped Accounts Service.
[[0;32m  OK  [0m] Stopped Deferred execution scheduler.
[[0;32m  OK  [0m] Stopped System Logging Service.
[[0;32m  OK  [0m] Stopped Authenticate and Authorize Users to Run Privileged Tasks.
[[0;32m  OK  [0m] Stopped Serial Getty on ttyS0.
[[0;32m  OK  [0m] Stopped Getty on tty1.
[[0;32m  OK  [0m] Stopped OpenBSD Secure Shell server.
[[0;32m  OK  [0m] Stopped User Manager for UID 1000.
[[0;32m  OK  [0m] Stopped Session 3 of user vagrant.
[[0;32m  OK  [0m] Stopped D-Bus System Message Bus.
[[0;32m  OK  [0m] Stopped FUSE filesystem for LXC.
[[0;32m  OK  [0m] Stopped A high performance web server and a reverse proxy server.
[[0;32m  OK  [0m] Stopped LSB: Record successful boot for GRUB.
[[0;32m  OK  [0m] Stopped LSB: MD monitoring daemon.
[[0;32m  OK  [0m] Stopped LXD - container startup/shutdown.
[[0;32m  OK  [0m] Stopped LSB: Set the CPU Frequency Scaling governor to "ondemand".
[[0;32m  OK  [0m] Stopped LSB: automatic crash report generation.
[[0;32m  OK  [0m] Stopped Virtualbox guest utils.
[[0;32m  OK  [0m] Stopped LSB: daemon to balance interrupts for SMP systems.
[[0;32m  OK  [0m] Removed slice User Slice of vagrant.
         Stopping Login Service...
[[0;32m  OK  [0m] Removed slice system-getty.slice.
         Stopping Permit User Sessions...
[[0;32m  OK  [0m] Removed slice system-serial\x2dgetty.slice.
[[0;32m  OK  [0m] Stopped /etc/rc.local Compatibility.
[[0;32m  OK  [0m] Stopped Permit User Sessions.
[[0;32m  OK  [0m] Stopped target Remote File Systems.
         Unmounting /vagrant...
[[0;32m  OK  [0m] Stopped Login Service.
[[0;32m  OK  [0m] Stopped target User and Group Name Lookups.
[[0;32m  OK  [0m] Stopped target Basic System.
[[0;32m  OK  [0m] Stopped target Slices.
[[0;32m  OK  [0m] Stopped target Sockets.
[[0;32m  OK  [0m] Closed D-Bus System Message Bus Socket.
[[0;32m  OK  [0m] Closed UUID daemon activation socket.
[[0;32m  OK  [0m] Closed LXD - unix socket.
[[0;32m  OK  [0m] Closed Socket activation for snappy daemon.
[[0;32m  OK  [0m] Closed Syslog Socket.
[[0;32m  OK  [0m] Closed ACPID Listen Socket.
[[0;32m  OK  [0m] Stopped target Paths.
[[0;32m  OK  [0m] Stopped ACPI Events Check.
[[0;32m  OK  [0m] Stopped Dispatch Password Requests to Console Directory Watch.
[[0;32m  OK  [0m] Stopped Forward Password Requests to Wall Directory Watch.
[[0;32m  OK  [0m] Stopped target System Initialization.
         Stopping Update UTMP about System Boot/Shutdown...
[[0;32m  OK  [0m] Stopped Commit a transient machine-id on disk.
[[0;32m  OK  [0m] Stopped target Encrypted Volumes.
[[0;32m  OK  [0m] Stopped target Swap.
         Stopping Load/Save Random Seed...
[[0;32m  OK  [0m] Removed slice User and Session Slice.
[[0;32m  OK  [0m] Unmounted /vagrant.
[[0;32m  OK  [0m] Stopped Load/Save Random Seed.
[[0;32m  OK  [0m] Stopped Update UTMP about System Boot/Shutdown.
[[0;32m  OK  [0m] Stopped Create Volatile Files and Directories.
[[0;32m  OK  [0m] Stopped target Remote File Systems (Pre).
         Stopping Login to default iSCSI targets...
[[0;32m  OK  [0m] Stopped Login to default iSCSI targets.
         Stopping iSCSI initiator daemon (iscsid)...
[[0;32m  OK  [0m] Stopped iSCSI initiator daemon (iscsid).
[[0;32m  OK  [0m] Stopped target Network is Online.
[[0;32m  OK  [0m] Stopped Initial cloud-init job (metadata service crawler).
[[0;32m  OK  [0m] Stopped target Network.
         Stopping Raise network interfaces...
[[0;32m  OK  [0m] Stopped Raise network interfaces.
[[0;32m  OK  [0m] Stopped target Local File Systems.
         Unmounting /run/user/1000...
[[0;32m  OK  [0m] Stopped target Network (Pre).
[[0;32m  OK  [0m] Stopped Initial cloud-init job (pre-networking).
[[0;32m  OK  [0m] Stopped Apply Kernel Variables.
[[0;32m  OK  [0m] Stopped Load Kernel Modules.
[[0;32m  OK  [0m] Unmounted /run/user/1000.
[[0;32m  OK  [0m] Reached target Unmount All Filesystems.
[[0;32m  OK  [0m] Stopped target Local File Systems (Pre).
[[0;32m  OK  [0m] Stopped Remount Root and Kernel File Systems.
         Stopping Monitoring of LVM2 mirrors... dmeventd or progress polling...
[[0;32m  OK  [0m] Stopped Create Static Device Nodes in /dev.
[[0;32m  OK  [0m] Reached target Shutdown.
[  123.350982] reboot: Power down
